 A:
[[-1  0  2  0  0]
 [ 0  3  0 -2  0]
 [ 1  0  2  0  1]]
 b: [-9, 10, -21]
 c: [ 9 -2  3 -3 14]
 x: [2 4 3 5 1]
 limitation: [[-3, 2], [1, 4], [-2, 3], [-1, 5], [-4, 1]]
 discrepancy: [-13   8 -30]

   --- Phase 1 --- 

 new A:
[[-1.  0.  2.  0.  0. -1.  0.  0.]
 [ 0.  3.  0. -2.  0.  0.  1.  0.]
 [ 1.  0.  2.  0.  1.  0.  0. -1.]]
 new limitation: [[-3, 2], [1, 4], [-2, 3], [-1, 5], [-4, 1], [0, 13], [0, 8], [0, 30]]
 new c-vector: [ 0.  0.  0.  0.  0. -1. -1. -1.]
 new x-vector: [ 2  4  3  5  1 13  8 30]

		vvvvvvvvvvvvv

 A:
[[-1.  0.  2.  0.  0. -1.  0.  0.]
 [ 0.  3.  0. -2.  0.  0.  1.  0.]
 [ 1.  0.  2.  0.  1.  0.  0. -1.]]
 base: {5, 6, 7}
 c: [ 0.  0.  0.  0.  0. -1. -1. -1.]
 x: [ 2  4  3  5  1 13  8 30]
 limitation: [[-3, 2], [1, 4], [-2, 3], [-1, 5], [-4, 1], [0, 13], [0, 8], [0, 30]]

1 iteration
	 A_base:
		 [-1.  0.  0.]
		 [0. 1. 0.]
		 [ 0.  0. -1.]
	 c_base: [-1. -1. -1.]
	 index_base: [5 6 7]
	 index_nobase: [0 1 2 3 4]
	 potential: [ 1. -1.  1.]
	 delta: [0.0, 3.0, -4.0, -2.0, -1.0]
	 direction vector: [ 0.  0. -1.  0.  0. -2.  0. -2.]
 	 tetta[j_0]: 5
	 one of tetta[J_n]: 6.5
	 one of tetta[J_n]: 15.0
	 final tetta: 5
	 j_0 and j_new: 2, None
	 base: {5, 6, 7}
	 x: [ 2.  4. -2.  5.  1.  3.  8. 20.]

2 iteration
	 A_base:
		 [-1.  0.  0.]
		 [0. 1. 0.]
		 [ 0.  0. -1.]
	 c_base: [-1. -1. -1.]
	 index_base: [5 6 7]
	 index_nobase: [0 1 2 3 4]
	 potential: [ 1. -1.  1.]
	 delta: [0.0, 3.0, -4.0, -2.0, -1.0]
	 direction vector: [ 0.  0.  0. -1.  0. -0. -2. -0.]
 	 tetta[j_0]: 6
	 one of tetta[J_n]: 4.0
	 final tetta: 4.0
	 j_0 and j_new: 3, 6
	 base: {3, 5, 7}
	 x: [ 2.  4. -2.  1.  1.  3.  0. 20.]

3 iteration
	 A_base:
		 [ 0. -1.  0.]
		 [-2.  0.  0.]
		 [ 0.  0. -1.]
	 c_base: [ 0. -1. -1.]
	 index_base: [3 5 7]
	 index_nobase: [0 1 2 4 6]
	 potential: [ 1. -0.  1.]
	 delta: [0.0, 0.0, -4.0, -1.0, -1.0]
	 direction vector: [ 0.  0.  0. -0. -1. -0.  0. -1.]
 	 tetta[j_0]: 5
	 one of tetta[J_n]: 20.0
	 final tetta: 5
	 j_0 and j_new: 4, None
	 base: {3, 5, 7}
	 x: [ 2.  4. -2.  1. -4.  3.  0. 15.]

4 iteration
	 A_base:
		 [ 0. -1.  0.]
		 [-2.  0.  0.]
		 [ 0.  0. -1.]
	 c_base: [ 0. -1. -1.]
	 index_base: [3 5 7]
	 index_nobase: [0 1 2 4 6]
	 potential: [ 1. -0.  1.]
	 delta: [0.0, 0.0, -4.0, -1.0, -1.0]

 optimality criterion is satisfied
 optimal plan: [ 2.  4. -2.  1. -4.  3.  0. 15.]
 target function: -18.0

 x-vector after phase 1: [ 2.  4. -2.  1. -4.  3.  0. 15.]
 base after phase 1: {3, 5, 7}

 --- Phase 1 end --- 

basic plan is not exist
